<?xml version="1.0" encoding="UTF-8"?>
<!-- Generated by org.testng.reporters.JUnitReportReporter -->
<testsuite skipped="0" hostname="Sky-Fujitsu" name="ValidateResponseBody" tests="2" failures="0" timestamp="11 Jan 2018 10:27:43 GMT" time="10.160" errors="0">
  <testcase name="VerifyCityInJsonResponse" time="8.798" classname="ValidateResponseBody"/>
  <testcase name="WeatherMessageBody" time="1.362" classname="ValidateResponseBody"/>
</testsuite> <!-- ValidateResponseBody -->
