<?xml version="1.0" encoding="UTF-8"?>
<!-- Generated by org.testng.reporters.JUnitReportReporter -->
<testsuite skipped="0" hostname="Sky-Fujitsu" name="SimpleGetTest" tests="1" failures="0" timestamp="13 May 2018 12:37:45 GMT" time="6.366" errors="0">
  <testcase name="GetWeatherDetails" time="6.366" classname="SimpleGetTest"/>
</testsuite> <!-- SimpleGetTest -->
