<?xml version="1.0" encoding="UTF-8"?>
<!-- Generated by org.testng.reporters.JUnitReportReporter -->
<testsuite skipped="0" hostname="Sky-Fujitsu" name="ValidateResponseHeader" tests="1" failures="0" timestamp="11 Jan 2018 10:04:54 GMT" time="6.488" errors="0">
  <testcase name="GetWeatherHeaders" time="6.488" classname="ValidateResponseHeader"/>
</testsuite> <!-- ValidateResponseHeader -->
