<?xml version="1.0" encoding="UTF-8"?>
<!-- Generated by org.testng.reporters.JUnitReportReporter -->
<testsuite skipped="0" hostname="Sky-Fujitsu" name="ValidateResponseStatus" tests="2" failures="0" timestamp="11 Jan 2018 09:35:11 GMT" time="7.945" errors="0">
  <testcase name="GetWeatherStatusCode" time="6.687" classname="ValidateResponseStatus"/>
  <testcase name="GetWeatherStatusLine" time="1.258" classname="ValidateResponseStatus"/>
</testsuite> <!-- ValidateResponseStatus -->
