<?xml version="1.0" encoding="UTF-8"?>
<!-- Generated by org.testng.reporters.JUnitReportReporter -->
<testsuite skipped="0" hostname="Sky-Fujitsu" name="com.guru99.Testcases.VerifyGuru99Login" tests="1" failures="0" timestamp="01 Nov 2017 08:48:00 GMT" time="13.089" errors="0">
  <testcase name="verifyValidlogin" time="13.089" classname="com.guru99.Testcases.VerifyGuru99Login"/>
</testsuite> <!-- com.guru99.Testcases.VerifyGuru99Login -->
