<?xml version="1.0" encoding="UTF-8"?>
<!-- Generated by org.testng.reporters.JUnitReportReporter -->
<testsuite skipped="0" hostname="Sky-Fujitsu" name="com.guru99.Testcases.VerifyGuru99LoginThruPageFactory" tests="1" failures="0" timestamp="01 Nov 2017 10:45:28 GMT" time="12.607" errors="0">
  <testcase name="VerifyLoginThuPageFactory" time="12.607" classname="com.guru99.Testcases.VerifyGuru99LoginThruPageFactory"/>
</testsuite> <!-- com.guru99.Testcases.VerifyGuru99LoginThruPageFactory -->
